::ffff:127.0.0.1 - - [20/Feb/2019:05:43:19 +0000] "GET / HTTP/1.1" 200 - "-" "Mozilla/5.0 (Windows NT 10.0; Win64; x64) AppleWebKit/537.36 (KHTML, like Gecko) Chrome/72.0.3626.109 Safari/537.36"
::ffff:127.0.0.1 - - [20/Feb/2019:05:43:19 +0000] "GET /css/main.css HTTP/1.1" 304 - "http://localhost:3004/" "Mozilla/5.0 (Windows NT 10.0; Win64; x64) AppleWebKit/537.36 (KHTML, like Gecko) Chrome/72.0.3626.109 Safari/537.36"
::ffff:127.0.0.1 - - [20/Feb/2019:05:43:19 +0000] "GET /css/product.css HTTP/1.1" 304 - "http://localhost:3004/" "Mozilla/5.0 (Windows NT 10.0; Win64; x64) AppleWebKit/537.36 (KHTML, like Gecko) Chrome/72.0.3626.109 Safari/537.36"
::1 - - [20/Feb/2019:05:43:19 +0000] "GET /js/main.js HTTP/1.1" 304 - "http://localhost:3004/" "Mozilla/5.0 (Windows NT 10.0; Win64; x64) AppleWebKit/537.36 (KHTML, like Gecko) Chrome/72.0.3626.109 Safari/537.36"
::ffff:127.0.0.1 - - [20/Feb/2019:05:43:19 +0000] "GET /images/ezixvsc0cjscjio3i-pants1.jpg HTTP/1.1" 304 - "http://localhost:3004/" "Mozilla/5.0 (Windows NT 10.0; Win64; x64) AppleWebKit/537.36 (KHTML, like Gecko) Chrome/72.0.3626.109 Safari/537.36"
::1 - - [20/Feb/2019:05:43:19 +0000] "GET /images/ezixvsc0cjscjmq1u-greenpants.jpg HTTP/1.1" 304 - "http://localhost:3004/" "Mozilla/5.0 (Windows NT 10.0; Win64; x64) AppleWebKit/537.36 (KHTML, like Gecko) Chrome/72.0.3626.109 Safari/537.36"
::1 - - [20/Feb/2019:05:43:19 +0000] "GET /images/ezixvsc0cjscjnybn-bluepants.jpg HTTP/1.1" 304 - "http://localhost:3004/" "Mozilla/5.0 (Windows NT 10.0; Win64; x64) AppleWebKit/537.36 (KHTML, like Gecko) Chrome/72.0.3626.109 Safari/537.36"
::1 - - [20/Feb/2019:05:43:20 +0000] "GET / HTTP/1.1" 200 - "-" "Mozilla/5.0 (Windows NT 10.0; Win64; x64) AppleWebKit/537.36 (KHTML, like Gecko) Chrome/72.0.3626.109 Safari/537.36"
::1 - - [20/Feb/2019:05:43:20 +0000] "GET /css/main.css HTTP/1.1" 304 - "http://localhost:3004/" "Mozilla/5.0 (Windows NT 10.0; Win64; x64) AppleWebKit/537.36 (KHTML, like Gecko) Chrome/72.0.3626.109 Safari/537.36"
::1 - - [20/Feb/2019:05:43:20 +0000] "GET /css/product.css HTTP/1.1" 304 - "http://localhost:3004/" "Mozilla/5.0 (Windows NT 10.0; Win64; x64) AppleWebKit/537.36 (KHTML, like Gecko) Chrome/72.0.3626.109 Safari/537.36"
::ffff:127.0.0.1 - - [20/Feb/2019:05:43:20 +0000] "GET /images/ezixvsc0cjscjio3i-pants1.jpg HTTP/1.1" 304 - "http://localhost:3004/" "Mozilla/5.0 (Windows NT 10.0; Win64; x64) AppleWebKit/537.36 (KHTML, like Gecko) Chrome/72.0.3626.109 Safari/537.36"
::ffff:127.0.0.1 - - [20/Feb/2019:05:43:20 +0000] "GET /js/main.js HTTP/1.1" 304 - "http://localhost:3004/" "Mozilla/5.0 (Windows NT 10.0; Win64; x64) AppleWebKit/537.36 (KHTML, like Gecko) Chrome/72.0.3626.109 Safari/537.36"
::1 - - [20/Feb/2019:05:43:20 +0000] "GET /images/ezixvsc0cjscjmq1u-greenpants.jpg HTTP/1.1" 304 - "http://localhost:3004/" "Mozilla/5.0 (Windows NT 10.0; Win64; x64) AppleWebKit/537.36 (KHTML, like Gecko) Chrome/72.0.3626.109 Safari/537.36"
::ffff:127.0.0.1 - - [20/Feb/2019:05:43:20 +0000] "GET /images/ezixvsc0cjscjnybn-bluepants.jpg HTTP/1.1" 304 - "http://localhost:3004/" "Mozilla/5.0 (Windows NT 10.0; Win64; x64) AppleWebKit/537.36 (KHTML, like Gecko) Chrome/72.0.3626.109 Safari/537.36"
::1 - - [20/Feb/2019:16:36:46 +0000] "GET / HTTP/1.1" 200 - "-" "Mozilla/5.0 (Windows NT 10.0; Win64; x64) AppleWebKit/537.36 (KHTML, like Gecko) Chrome/72.0.3626.109 Safari/537.36"
::1 - - [20/Feb/2019:16:36:46 +0000] "GET /css/product.css HTTP/1.1" 304 - "http://localhost:3004/" "Mozilla/5.0 (Windows NT 10.0; Win64; x64) AppleWebKit/537.36 (KHTML, like Gecko) Chrome/72.0.3626.109 Safari/537.36"
::1 - - [20/Feb/2019:16:36:46 +0000] "GET /css/main.css HTTP/1.1" 304 - "http://localhost:3004/" "Mozilla/5.0 (Windows NT 10.0; Win64; x64) AppleWebKit/537.36 (KHTML, like Gecko) Chrome/72.0.3626.109 Safari/537.36"
::1 - - [20/Feb/2019:16:36:46 +0000] "GET /images/ezixvsc0cjscjio3i-pants1.jpg HTTP/1.1" 304 - "http://localhost:3004/" "Mozilla/5.0 (Windows NT 10.0; Win64; x64) AppleWebKit/537.36 (KHTML, like Gecko) Chrome/72.0.3626.109 Safari/537.36"
::1 - - [20/Feb/2019:16:36:46 +0000] "GET /js/main.js HTTP/1.1" 304 - "http://localhost:3004/" "Mozilla/5.0 (Windows NT 10.0; Win64; x64) AppleWebKit/537.36 (KHTML, like Gecko) Chrome/72.0.3626.109 Safari/537.36"
::1 - - [20/Feb/2019:16:36:46 +0000] "GET /images/ezixvsc0cjscjmq1u-greenpants.jpg HTTP/1.1" 304 - "http://localhost:3004/" "Mozilla/5.0 (Windows NT 10.0; Win64; x64) AppleWebKit/537.36 (KHTML, like Gecko) Chrome/72.0.3626.109 Safari/537.36"
::1 - - [20/Feb/2019:16:36:46 +0000] "GET /images/ezixvsc0cjscjnybn-bluepants.jpg HTTP/1.1" 304 - "http://localhost:3004/" "Mozilla/5.0 (Windows NT 10.0; Win64; x64) AppleWebKit/537.36 (KHTML, like Gecko) Chrome/72.0.3626.109 Safari/537.36"
::1 - - [20/Feb/2019:16:36:46 +0000] "GET /images/ezixvsc0cjscjmq1u-greenpants.jpg HTTP/1.1" 304 - "http://localhost:3004/" "Mozilla/5.0 (Windows NT 10.0; Win64; x64) AppleWebKit/537.36 (KHTML, like Gecko) Chrome/72.0.3626.109 Safari/537.36"
::1 - - [20/Feb/2019:16:36:46 +0000] "GET /js/main.js HTTP/1.1" 304 - "http://localhost:3004/" "Mozilla/5.0 (Windows NT 10.0; Win64; x64) AppleWebKit/537.36 (KHTML, like Gecko) Chrome/72.0.3626.109 Safari/537.36"
::1 - - [20/Feb/2019:16:36:46 +0000] "GET /images/ezixvsc0cjscjnybn-bluepants.jpg HTTP/1.1" 304 - "http://localhost:3004/" "Mozilla/5.0 (Windows NT 10.0; Win64; x64) AppleWebKit/537.36 (KHTML, like Gecko) Chrome/72.0.3626.109 Safari/537.36"
::1 - - [20/Feb/2019:16:36:47 +0000] "GET /favicon.ico HTTP/1.1" 404 - "http://localhost:3004/" "Mozilla/5.0 (Windows NT 10.0; Win64; x64) AppleWebKit/537.36 (KHTML, like Gecko) Chrome/72.0.3626.109 Safari/537.36"
::1 - - [20/Feb/2019:20:27:30 +0000] "GET / HTTP/1.1" 304 - "-" "Mozilla/5.0 (Windows NT 10.0; Win64; x64) AppleWebKit/537.36 (KHTML, like Gecko) Chrome/72.0.3626.109 Safari/537.36"
::1 - - [20/Feb/2019:20:27:30 +0000] "GET /css/main.css HTTP/1.1" 304 - "http://localhost:3004/" "Mozilla/5.0 (Windows NT 10.0; Win64; x64) AppleWebKit/537.36 (KHTML, like Gecko) Chrome/72.0.3626.109 Safari/537.36"
::1 - - [20/Feb/2019:20:27:30 +0000] "GET /css/product.css HTTP/1.1" 304 - "http://localhost:3004/" "Mozilla/5.0 (Windows NT 10.0; Win64; x64) AppleWebKit/537.36 (KHTML, like Gecko) Chrome/72.0.3626.109 Safari/537.36"
::1 - - [20/Feb/2019:20:27:30 +0000] "GET /images/ezixvsc0cjscjio3i-pants1.jpg HTTP/1.1" 304 - "http://localhost:3004/" "Mozilla/5.0 (Windows NT 10.0; Win64; x64) AppleWebKit/537.36 (KHTML, like Gecko) Chrome/72.0.3626.109 Safari/537.36"
::1 - - [20/Feb/2019:20:27:30 +0000] "GET /images/ezixvsc0cjscjmq1u-greenpants.jpg HTTP/1.1" 304 - "http://localhost:3004/" "Mozilla/5.0 (Windows NT 10.0; Win64; x64) AppleWebKit/537.36 (KHTML, like Gecko) Chrome/72.0.3626.109 Safari/537.36"
::1 - - [20/Feb/2019:20:27:31 +0000] "GET /js/main.js HTTP/1.1" 304 - "http://localhost:3004/" "Mozilla/5.0 (Windows NT 10.0; Win64; x64) AppleWebKit/537.36 (KHTML, like Gecko) Chrome/72.0.3626.109 Safari/537.36"
::1 - - [20/Feb/2019:20:27:31 +0000] "GET /images/ezixvsc0cjscjnybn-bluepants.jpg HTTP/1.1" 304 - "http://localhost:3004/" "Mozilla/5.0 (Windows NT 10.0; Win64; x64) AppleWebKit/537.36 (KHTML, like Gecko) Chrome/72.0.3626.109 Safari/537.36"
::1 - - [20/Feb/2019:20:27:31 +0000] "GET /js/main.js HTTP/1.1" 304 - "http://localhost:3004/" "Mozilla/5.0 (Windows NT 10.0; Win64; x64) AppleWebKit/537.36 (KHTML, like Gecko) Chrome/72.0.3626.109 Safari/537.36"
::1 - - [20/Feb/2019:20:27:31 +0000] "GET /images/ezixvsc0cjscjnybn-bluepants.jpg HTTP/1.1" 304 - "http://localhost:3004/" "Mozilla/5.0 (Windows NT 10.0; Win64; x64) AppleWebKit/537.36 (KHTML, like Gecko) Chrome/72.0.3626.109 Safari/537.36"
::1 - - [20/Feb/2019:22:32:22 +0000] "GET / HTTP/1.1" 200 - "-" "Mozilla/5.0 (Windows NT 10.0; Win64; x64) AppleWebKit/537.36 (KHTML, like Gecko) Chrome/72.0.3626.109 Safari/537.36"
::1 - - [20/Feb/2019:22:32:22 +0000] "GET /js/main.js HTTP/1.1" 200 519 "http://localhost:3004/" "Mozilla/5.0 (Windows NT 10.0; Win64; x64) AppleWebKit/537.36 (KHTML, like Gecko) Chrome/72.0.3626.109 Safari/537.36"
::1 - - [20/Feb/2019:22:32:22 +0000] "GET /images/ezixvsc0cjscjio3i-pants1.jpg HTTP/1.1" 200 8266 "http://localhost:3004/" "Mozilla/5.0 (Windows NT 10.0; Win64; x64) AppleWebKit/537.36 (KHTML, like Gecko) Chrome/72.0.3626.109 Safari/537.36"
::1 - - [20/Feb/2019:22:32:22 +0000] "GET /images/ezixvsc0cjscjnybn-bluepants.jpg HTTP/1.1" 200 10121 "http://localhost:3004/" "Mozilla/5.0 (Windows NT 10.0; Win64; x64) AppleWebKit/537.36 (KHTML, like Gecko) Chrome/72.0.3626.109 Safari/537.36"
::1 - - [20/Feb/2019:22:32:22 +0000] "GET /images/ezixvsc0cjscjmq1u-greenpants.jpg HTTP/1.1" 200 11554 "http://localhost:3004/" "Mozilla/5.0 (Windows NT 10.0; Win64; x64) AppleWebKit/537.36 (KHTML, like Gecko) Chrome/72.0.3626.109 Safari/537.36"
::1 - - [20/Feb/2019:22:32:22 +0000] "GET /css/main.css HTTP/1.1" 200 - "http://localhost:3004/" "Mozilla/5.0 (Windows NT 10.0; Win64; x64) AppleWebKit/537.36 (KHTML, like Gecko) Chrome/72.0.3626.109 Safari/537.36"
::1 - - [20/Feb/2019:22:32:22 +0000] "GET /css/product.css HTTP/1.1" 200 379 "http://localhost:3004/" "Mozilla/5.0 (Windows NT 10.0; Win64; x64) AppleWebKit/537.36 (KHTML, like Gecko) Chrome/72.0.3626.109 Safari/537.36"
::1 - - [20/Feb/2019:22:32:22 +0000] "GET /favicon.ico HTTP/1.1" 404 - "http://localhost:3004/" "Mozilla/5.0 (Windows NT 10.0; Win64; x64) AppleWebKit/537.36 (KHTML, like Gecko) Chrome/72.0.3626.109 Safari/537.36"
::1 - - [20/Feb/2019:22:34:49 +0000] "GET /products/5c6cb3064ce6a63ccca7f2b8 HTTP/1.1" 200 - "http://localhost:3004/" "Mozilla/5.0 (Windows NT 10.0; Win64; x64) AppleWebKit/537.36 (KHTML, like Gecko) Chrome/72.0.3626.109 Safari/537.36"
::1 - - [20/Feb/2019:22:34:49 +0000] "GET /css/main.css HTTP/1.1" 304 - "http://localhost:3004/products/5c6cb3064ce6a63ccca7f2b8" "Mozilla/5.0 (Windows NT 10.0; Win64; x64) AppleWebKit/537.36 (KHTML, like Gecko) Chrome/72.0.3626.109 Safari/537.36"
::1 - - [20/Feb/2019:22:34:49 +0000] "GET /js/main.js HTTP/1.1" 304 - "http://localhost:3004/products/5c6cb3064ce6a63ccca7f2b8" "Mozilla/5.0 (Windows NT 10.0; Win64; x64) AppleWebKit/537.36 (KHTML, like Gecko) Chrome/72.0.3626.109 Safari/537.36"
::1 - - [20/Feb/2019:22:34:49 +0000] "GET /images/ezixvsc0cjscjmq1u-greenpants.jpg HTTP/1.1" 304 - "http://localhost:3004/products/5c6cb3064ce6a63ccca7f2b8" "Mozilla/5.0 (Windows NT 10.0; Win64; x64) AppleWebKit/537.36 (KHTML, like Gecko) Chrome/72.0.3626.109 Safari/537.36"
::1 - - [20/Feb/2019:22:36:31 +0000] "GET /products/5c6cb2494ce6a63ccca7f2b7 HTTP/1.1" 200 - "http://localhost:3004/" "Mozilla/5.0 (Windows NT 10.0; Win64; x64) AppleWebKit/537.36 (KHTML, like Gecko) Chrome/72.0.3626.109 Safari/537.36"
::1 - - [20/Feb/2019:22:36:31 +0000] "GET /css/main.css HTTP/1.1" 304 - "http://localhost:3004/products/5c6cb2494ce6a63ccca7f2b7" "Mozilla/5.0 (Windows NT 10.0; Win64; x64) AppleWebKit/537.36 (KHTML, like Gecko) Chrome/72.0.3626.109 Safari/537.36"
::1 - - [20/Feb/2019:22:36:31 +0000] "GET /js/main.js HTTP/1.1" 304 - "http://localhost:3004/products/5c6cb2494ce6a63ccca7f2b7" "Mozilla/5.0 (Windows NT 10.0; Win64; x64) AppleWebKit/537.36 (KHTML, like Gecko) Chrome/72.0.3626.109 Safari/537.36"
::1 - - [20/Feb/2019:22:36:31 +0000] "GET /images/ezixvsc0cjscjio3i-pants1.jpg HTTP/1.1" 304 - "http://localhost:3004/products/5c6cb2494ce6a63ccca7f2b7" "Mozilla/5.0 (Windows NT 10.0; Win64; x64) AppleWebKit/537.36 (KHTML, like Gecko) Chrome/72.0.3626.109 Safari/537.36"
::1 - - [20/Feb/2019:22:36:36 +0000] "GET /products/5c6cb3064ce6a63ccca7f2b8 HTTP/1.1" 304 - "http://localhost:3004/" "Mozilla/5.0 (Windows NT 10.0; Win64; x64) AppleWebKit/537.36 (KHTML, like Gecko) Chrome/72.0.3626.109 Safari/537.36"
::1 - - [20/Feb/2019:22:36:36 +0000] "GET /css/main.css HTTP/1.1" 304 - "http://localhost:3004/products/5c6cb3064ce6a63ccca7f2b8" "Mozilla/5.0 (Windows NT 10.0; Win64; x64) AppleWebKit/537.36 (KHTML, like Gecko) Chrome/72.0.3626.109 Safari/537.36"
::1 - - [20/Feb/2019:22:36:36 +0000] "GET /js/main.js HTTP/1.1" 304 - "http://localhost:3004/products/5c6cb3064ce6a63ccca7f2b8" "Mozilla/5.0 (Windows NT 10.0; Win64; x64) AppleWebKit/537.36 (KHTML, like Gecko) Chrome/72.0.3626.109 Safari/537.36"
::1 - - [20/Feb/2019:22:36:36 +0000] "GET /images/ezixvsc0cjscjmq1u-greenpants.jpg HTTP/1.1" 304 - "http://localhost:3004/products/5c6cb3064ce6a63ccca7f2b8" "Mozilla/5.0 (Windows NT 10.0; Win64; x64) AppleWebKit/537.36 (KHTML, like Gecko) Chrome/72.0.3626.109 Safari/537.36"
::1 - - [20/Feb/2019:22:36:39 +0000] "GET / HTTP/1.1" 304 - "http://localhost:3004/products/5c6cb3064ce6a63ccca7f2b8" "Mozilla/5.0 (Windows NT 10.0; Win64; x64) AppleWebKit/537.36 (KHTML, like Gecko) Chrome/72.0.3626.109 Safari/537.36"
::1 - - [20/Feb/2019:22:36:39 +0000] "GET /css/main.css HTTP/1.1" 304 - "http://localhost:3004/" "Mozilla/5.0 (Windows NT 10.0; Win64; x64) AppleWebKit/537.36 (KHTML, like Gecko) Chrome/72.0.3626.109 Safari/537.36"
::1 - - [20/Feb/2019:22:36:39 +0000] "GET /css/product.css HTTP/1.1" 304 - "http://localhost:3004/" "Mozilla/5.0 (Windows NT 10.0; Win64; x64) AppleWebKit/537.36 (KHTML, like Gecko) Chrome/72.0.3626.109 Safari/537.36"
::1 - - [20/Feb/2019:22:36:39 +0000] "GET /images/ezixvsc0cjscjio3i-pants1.jpg HTTP/1.1" 304 - "http://localhost:3004/" "Mozilla/5.0 (Windows NT 10.0; Win64; x64) AppleWebKit/537.36 (KHTML, like Gecko) Chrome/72.0.3626.109 Safari/537.36"
::1 - - [20/Feb/2019:22:36:39 +0000] "GET /js/main.js HTTP/1.1" 304 - "http://localhost:3004/" "Mozilla/5.0 (Windows NT 10.0; Win64; x64) AppleWebKit/537.36 (KHTML, like Gecko) Chrome/72.0.3626.109 Safari/537.36"
::1 - - [20/Feb/2019:22:36:39 +0000] "GET /images/ezixvsc0cjscjmq1u-greenpants.jpg HTTP/1.1" 304 - "http://localhost:3004/" "Mozilla/5.0 (Windows NT 10.0; Win64; x64) AppleWebKit/537.36 (KHTML, like Gecko) Chrome/72.0.3626.109 Safari/537.36"
::1 - - [20/Feb/2019:22:36:39 +0000] "GET /images/ezixvsc0cjscjnybn-bluepants.jpg HTTP/1.1" 304 - "http://localhost:3004/" "Mozilla/5.0 (Windows NT 10.0; Win64; x64) AppleWebKit/537.36 (KHTML, like Gecko) Chrome/72.0.3626.109 Safari/537.36"
::1 - - [20/Feb/2019:22:37:36 +0000] "GET /?page=2 HTTP/1.1" 200 - "http://localhost:3004/" "Mozilla/5.0 (Windows NT 10.0; Win64; x64) AppleWebKit/537.36 (KHTML, like Gecko) Chrome/72.0.3626.109 Safari/537.36"
::1 - - [20/Feb/2019:22:37:36 +0000] "GET /css/main.css HTTP/1.1" 304 - "http://localhost:3004/?page=2" "Mozilla/5.0 (Windows NT 10.0; Win64; x64) AppleWebKit/537.36 (KHTML, like Gecko) Chrome/72.0.3626.109 Safari/537.36"
::1 - - [20/Feb/2019:22:37:36 +0000] "GET /css/product.css HTTP/1.1" 304 - "http://localhost:3004/?page=2" "Mozilla/5.0 (Windows NT 10.0; Win64; x64) AppleWebKit/537.36 (KHTML, like Gecko) Chrome/72.0.3626.109 Safari/537.36"
::1 - - [20/Feb/2019:22:37:36 +0000] "GET /js/main.js HTTP/1.1" 304 - "http://localhost:3004/?page=2" "Mozilla/5.0 (Windows NT 10.0; Win64; x64) AppleWebKit/537.36 (KHTML, like Gecko) Chrome/72.0.3626.109 Safari/537.36"
::1 - - [20/Feb/2019:22:37:36 +0000] "GET /images/ezixvsc0cjscjpt5h-graypants.jpg HTTP/1.1" 200 3477 "http://localhost:3004/?page=2" "Mozilla/5.0 (Windows NT 10.0; Win64; x64) AppleWebKit/537.36 (KHTML, like Gecko) Chrome/72.0.3626.109 Safari/537.36"
::1 - - [20/Feb/2019:22:37:36 +0000] "GET /images/ezixvsc0cjscjtnmj-redpants.jpg HTTP/1.1" 200 10651 "http://localhost:3004/?page=2" "Mozilla/5.0 (Windows NT 10.0; Win64; x64) AppleWebKit/537.36 (KHTML, like Gecko) Chrome/72.0.3626.109 Safari/537.36"
::1 - - [20/Feb/2019:22:37:37 +0000] "GET / HTTP/1.1" 304 - "http://localhost:3004/?page=2" "Mozilla/5.0 (Windows NT 10.0; Win64; x64) AppleWebKit/537.36 (KHTML, like Gecko) Chrome/72.0.3626.109 Safari/537.36"
::1 - - [20/Feb/2019:22:37:38 +0000] "GET /css/main.css HTTP/1.1" 304 - "http://localhost:3004/" "Mozilla/5.0 (Windows NT 10.0; Win64; x64) AppleWebKit/537.36 (KHTML, like Gecko) Chrome/72.0.3626.109 Safari/537.36"
::1 - - [20/Feb/2019:22:37:38 +0000] "GET /css/product.css HTTP/1.1" 304 - "http://localhost:3004/" "Mozilla/5.0 (Windows NT 10.0; Win64; x64) AppleWebKit/537.36 (KHTML, like Gecko) Chrome/72.0.3626.109 Safari/537.36"
::1 - - [20/Feb/2019:22:37:38 +0000] "GET /images/ezixvsc0cjscjio3i-pants1.jpg HTTP/1.1" 304 - "http://localhost:3004/" "Mozilla/5.0 (Windows NT 10.0; Win64; x64) AppleWebKit/537.36 (KHTML, like Gecko) Chrome/72.0.3626.109 Safari/537.36"
::1 - - [20/Feb/2019:22:37:38 +0000] "GET /js/main.js HTTP/1.1" 304 - "http://localhost:3004/" "Mozilla/5.0 (Windows NT 10.0; Win64; x64) AppleWebKit/537.36 (KHTML, like Gecko) Chrome/72.0.3626.109 Safari/537.36"
::1 - - [20/Feb/2019:22:37:38 +0000] "GET /images/ezixvsc0cjscjmq1u-greenpants.jpg HTTP/1.1" 304 - "http://localhost:3004/" "Mozilla/5.0 (Windows NT 10.0; Win64; x64) AppleWebKit/537.36 (KHTML, like Gecko) Chrome/72.0.3626.109 Safari/537.36"
::1 - - [20/Feb/2019:22:37:38 +0000] "GET /images/ezixvsc0cjscjnybn-bluepants.jpg HTTP/1.1" 304 - "http://localhost:3004/" "Mozilla/5.0 (Windows NT 10.0; Win64; x64) AppleWebKit/537.36 (KHTML, like Gecko) Chrome/72.0.3626.109 Safari/537.36"
::1 - - [20/Feb/2019:22:37:40 +0000] "GET /products/5c6cb33f4ce6a63ccca7f2b9 HTTP/1.1" 200 - "http://localhost:3004/" "Mozilla/5.0 (Windows NT 10.0; Win64; x64) AppleWebKit/537.36 (KHTML, like Gecko) Chrome/72.0.3626.109 Safari/537.36"
::1 - - [20/Feb/2019:22:37:40 +0000] "GET /css/main.css HTTP/1.1" 304 - "http://localhost:3004/products/5c6cb33f4ce6a63ccca7f2b9" "Mozilla/5.0 (Windows NT 10.0; Win64; x64) AppleWebKit/537.36 (KHTML, like Gecko) Chrome/72.0.3626.109 Safari/537.36"
::1 - - [20/Feb/2019:22:37:40 +0000] "GET /js/main.js HTTP/1.1" 304 - "http://localhost:3004/products/5c6cb33f4ce6a63ccca7f2b9" "Mozilla/5.0 (Windows NT 10.0; Win64; x64) AppleWebKit/537.36 (KHTML, like Gecko) Chrome/72.0.3626.109 Safari/537.36"
::1 - - [20/Feb/2019:22:37:40 +0000] "GET /images/ezixvsc0cjscjnybn-bluepants.jpg HTTP/1.1" 304 - "http://localhost:3004/products/5c6cb33f4ce6a63ccca7f2b9" "Mozilla/5.0 (Windows NT 10.0; Win64; x64) AppleWebKit/537.36 (KHTML, like Gecko) Chrome/72.0.3626.109 Safari/537.36"
::1 - - [20/Feb/2019:22:37:41 +0000] "GET / HTTP/1.1" 304 - "http://localhost:3004/products/5c6cb33f4ce6a63ccca7f2b9" "Mozilla/5.0 (Windows NT 10.0; Win64; x64) AppleWebKit/537.36 (KHTML, like Gecko) Chrome/72.0.3626.109 Safari/537.36"
::1 - - [20/Feb/2019:22:37:41 +0000] "GET /css/main.css HTTP/1.1" 304 - "http://localhost:3004/" "Mozilla/5.0 (Windows NT 10.0; Win64; x64) AppleWebKit/537.36 (KHTML, like Gecko) Chrome/72.0.3626.109 Safari/537.36"
::1 - - [20/Feb/2019:22:37:41 +0000] "GET /css/product.css HTTP/1.1" 304 - "http://localhost:3004/" "Mozilla/5.0 (Windows NT 10.0; Win64; x64) AppleWebKit/537.36 (KHTML, like Gecko) Chrome/72.0.3626.109 Safari/537.36"
::1 - - [20/Feb/2019:22:37:41 +0000] "GET /js/main.js HTTP/1.1" 304 - "http://localhost:3004/" "Mozilla/5.0 (Windows NT 10.0; Win64; x64) AppleWebKit/537.36 (KHTML, like Gecko) Chrome/72.0.3626.109 Safari/537.36"
::1 - - [20/Feb/2019:22:37:41 +0000] "GET /images/ezixvsc0cjscjio3i-pants1.jpg HTTP/1.1" 304 - "http://localhost:3004/" "Mozilla/5.0 (Windows NT 10.0; Win64; x64) AppleWebKit/537.36 (KHTML, like Gecko) Chrome/72.0.3626.109 Safari/537.36"
::1 - - [20/Feb/2019:22:37:41 +0000] "GET /images/ezixvsc0cjscjmq1u-greenpants.jpg HTTP/1.1" 304 - "http://localhost:3004/" "Mozilla/5.0 (Windows NT 10.0; Win64; x64) AppleWebKit/537.36 (KHTML, like Gecko) Chrome/72.0.3626.109 Safari/537.36"
::1 - - [20/Feb/2019:22:37:41 +0000] "GET /images/ezixvsc0cjscjnybn-bluepants.jpg HTTP/1.1" 304 - "http://localhost:3004/" "Mozilla/5.0 (Windows NT 10.0; Win64; x64) AppleWebKit/537.36 (KHTML, like Gecko) Chrome/72.0.3626.109 Safari/537.36"
::1 - - [20/Feb/2019:22:37:42 +0000] "GET /signup HTTP/1.1" 200 - "http://localhost:3004/" "Mozilla/5.0 (Windows NT 10.0; Win64; x64) AppleWebKit/537.36 (KHTML, like Gecko) Chrome/72.0.3626.109 Safari/537.36"
::1 - - [20/Feb/2019:22:37:42 +0000] "GET /css/main.css HTTP/1.1" 304 - "http://localhost:3004/signup" "Mozilla/5.0 (Windows NT 10.0; Win64; x64) AppleWebKit/537.36 (KHTML, like Gecko) Chrome/72.0.3626.109 Safari/537.36"
::1 - - [20/Feb/2019:22:37:42 +0000] "GET /js/main.js HTTP/1.1" 304 - "http://localhost:3004/signup" "Mozilla/5.0 (Windows NT 10.0; Win64; x64) AppleWebKit/537.36 (KHTML, like Gecko) Chrome/72.0.3626.109 Safari/537.36"
::1 - - [20/Feb/2019:22:37:42 +0000] "GET /css/auth.css HTTP/1.1" 200 84 "http://localhost:3004/signup" "Mozilla/5.0 (Windows NT 10.0; Win64; x64) AppleWebKit/537.36 (KHTML, like Gecko) Chrome/72.0.3626.109 Safari/537.36"
::1 - - [20/Feb/2019:22:37:42 +0000] "GET /css/forms.css HTTP/1.1" 200 454 "http://localhost:3004/signup" "Mozilla/5.0 (Windows NT 10.0; Win64; x64) AppleWebKit/537.36 (KHTML, like Gecko) Chrome/72.0.3626.109 Safari/537.36"
::1 - - [20/Feb/2019:22:37:43 +0000] "GET / HTTP/1.1" 304 - "http://localhost:3004/signup" "Mozilla/5.0 (Windows NT 10.0; Win64; x64) AppleWebKit/537.36 (KHTML, like Gecko) Chrome/72.0.3626.109 Safari/537.36"
::1 - - [20/Feb/2019:22:37:43 +0000] "GET /css/main.css HTTP/1.1" 304 - "http://localhost:3004/" "Mozilla/5.0 (Windows NT 10.0; Win64; x64) AppleWebKit/537.36 (KHTML, like Gecko) Chrome/72.0.3626.109 Safari/537.36"
::1 - - [20/Feb/2019:22:37:43 +0000] "GET /css/product.css HTTP/1.1" 304 - "http://localhost:3004/" "Mozilla/5.0 (Windows NT 10.0; Win64; x64) AppleWebKit/537.36 (KHTML, like Gecko) Chrome/72.0.3626.109 Safari/537.36"
::1 - - [20/Feb/2019:22:37:43 +0000] "GET /js/main.js HTTP/1.1" 304 - "http://localhost:3004/" "Mozilla/5.0 (Windows NT 10.0; Win64; x64) AppleWebKit/537.36 (KHTML, like Gecko) Chrome/72.0.3626.109 Safari/537.36"
::1 - - [20/Feb/2019:22:37:43 +0000] "GET /images/ezixvsc0cjscjio3i-pants1.jpg HTTP/1.1" 304 - "http://localhost:3004/" "Mozilla/5.0 (Windows NT 10.0; Win64; x64) AppleWebKit/537.36 (KHTML, like Gecko) Chrome/72.0.3626.109 Safari/537.36"
::1 - - [20/Feb/2019:22:37:43 +0000] "GET /images/ezixvsc0cjscjmq1u-greenpants.jpg HTTP/1.1" 304 - "http://localhost:3004/" "Mozilla/5.0 (Windows NT 10.0; Win64; x64) AppleWebKit/537.36 (KHTML, like Gecko) Chrome/72.0.3626.109 Safari/537.36"
::1 - - [20/Feb/2019:22:37:43 +0000] "GET /images/ezixvsc0cjscjnybn-bluepants.jpg HTTP/1.1" 304 - "http://localhost:3004/" "Mozilla/5.0 (Windows NT 10.0; Win64; x64) AppleWebKit/537.36 (KHTML, like Gecko) Chrome/72.0.3626.109 Safari/537.36"
